[3.546s] Invoking command in '/home/admin/robot_ws/build/my_robot': PYTHONPATH=/home/admin/robot_ws/build/my_robot/prefix_override:/usr/lib/python3/dist-packages/colcon_core/task/python/colcon_distutils_commands:/home/admin/robot_ws/install/my_robot/lib/python3.12/site-packages: /usr/bin/python3 -W ignore:setup.py install is deprecated -W ignore:easy_install command is deprecated setup.py develop --editable --build-directory /home/admin/robot_ws/build/my_robot/build --no-deps symlink_data
[4.639s] running develop
[5.210s] running egg_info
[5.255s] writing my_robot.egg-info/PKG-INFO
[5.257s] writing dependency_links to my_robot.egg-info/dependency_links.txt
[5.258s] writing entry points to my_robot.egg-info/entry_points.txt
[5.259s] writing requirements to my_robot.egg-info/requires.txt
[5.259s] writing top-level names to my_robot.egg-info/top_level.txt
[5.356s] reading manifest file 'my_robot.egg-info/SOURCES.txt'
[5.361s] writing manifest file 'my_robot.egg-info/SOURCES.txt'
[5.414s] running build_ext
[5.416s] Creating /home/admin/robot_ws/install/my_robot/lib/python3.12/site-packages/my-robot.egg-link (link to .)
[5.419s] Installing display_node script to /home/admin/robot_ws/install/my_robot/lib/my_robot
[5.420s] Installing motor_node script to /home/admin/robot_ws/install/my_robot/lib/my_robot
[5.421s] Installing servo_node script to /home/admin/robot_ws/install/my_robot/lib/my_robot
[5.421s] Installing web_node script to /home/admin/robot_ws/install/my_robot/lib/my_robot
[5.423s] 
[5.423s] Installed /home/admin/robot_ws/build/my_robot
[5.424s] running symlink_data
[5.569s] Invoked command in '/home/admin/robot_ws/build/my_robot' returned '0': PYTHONPATH=/home/admin/robot_ws/build/my_robot/prefix_override:/usr/lib/python3/dist-packages/colcon_core/task/python/colcon_distutils_commands:/home/admin/robot_ws/install/my_robot/lib/python3.12/site-packages: /usr/bin/python3 -W ignore:setup.py install is deprecated -W ignore:easy_install command is deprecated setup.py develop --editable --build-directory /home/admin/robot_ws/build/my_robot/build --no-deps symlink_data
