[3.627s] Invoking command in '/home/admin/robot_ws/build/my_robot': PYTHONPATH=/home/admin/robot_ws/build/my_robot/prefix_override:/usr/lib/python3/dist-packages/colcon_core/task/python/colcon_distutils_commands:/home/admin/robot_ws/install/my_robot/lib/python3.12/site-packages:${PYTHONPATH} /usr/bin/python3 -W ignore:setup.py install is deprecated -W ignore:easy_install command is deprecated setup.py develop --editable --build-directory /home/admin/robot_ws/build/my_robot/build --no-deps symlink_data
[5.083s] running develop
[6.063s] running egg_info
[6.063s] creating my_robot.egg-info
[6.144s] writing my_robot.egg-info/PKG-INFO
[6.145s] writing dependency_links to my_robot.egg-info/dependency_links.txt
[6.146s] writing entry points to my_robot.egg-info/entry_points.txt
[6.146s] writing requirements to my_robot.egg-info/requires.txt
[6.147s] writing top-level names to my_robot.egg-info/top_level.txt
[6.147s] writing manifest file 'my_robot.egg-info/SOURCES.txt'
[6.318s] reading manifest file 'my_robot.egg-info/SOURCES.txt'
[6.321s] writing manifest file 'my_robot.egg-info/SOURCES.txt'
[6.410s] running build_ext
[6.410s] Creating /home/admin/robot_ws/install/my_robot/lib/python3.12/site-packages/my-robot.egg-link (link to .)
[6.412s] Installing display_node script to /home/admin/robot_ws/install/my_robot/lib/my_robot
[6.413s] Installing motor_node script to /home/admin/robot_ws/install/my_robot/lib/my_robot
[6.414s] Installing web_node script to /home/admin/robot_ws/install/my_robot/lib/my_robot
[6.415s] 
[6.416s] Installed /home/admin/robot_ws/build/my_robot
[6.416s] running symlink_data
[6.417s] creating /home/admin/robot_ws/install/my_robot/share/ament_index
[6.417s] creating /home/admin/robot_ws/install/my_robot/share/ament_index/resource_index
[6.418s] creating /home/admin/robot_ws/install/my_robot/share/ament_index/resource_index/packages
[6.418s] symbolically linking /home/admin/robot_ws/build/my_robot/resource/my_robot -> /home/admin/robot_ws/install/my_robot/share/ament_index/resource_index/packages
[6.419s] symbolically linking /home/admin/robot_ws/build/my_robot/package.xml -> /home/admin/robot_ws/install/my_robot/share/my_robot
[6.419s] creating /home/admin/robot_ws/install/my_robot/share/my_robot/launch
[6.420s] symbolically linking /home/admin/robot_ws/build/my_robot/launch/robot_launch.py -> /home/admin/robot_ws/install/my_robot/share/my_robot/launch
[6.421s] creating /home/admin/robot_ws/install/my_robot/share/my_robot/config
[6.422s] creating /home/admin/robot_ws/install/my_robot/share/my_robot/params
[6.423s] symbolically linking /home/admin/robot_ws/build/my_robot/params/robot_params.yaml -> /home/admin/robot_ws/install/my_robot/share/my_robot/params
[6.580s] Invoked command in '/home/admin/robot_ws/build/my_robot' returned '0': PYTHONPATH=/home/admin/robot_ws/build/my_robot/prefix_override:/usr/lib/python3/dist-packages/colcon_core/task/python/colcon_distutils_commands:/home/admin/robot_ws/install/my_robot/lib/python3.12/site-packages:${PYTHONPATH} /usr/bin/python3 -W ignore:setup.py install is deprecated -W ignore:easy_install command is deprecated setup.py develop --editable --build-directory /home/admin/robot_ws/build/my_robot/build --no-deps symlink_data
